Analysis & Synthesis report for DE1_SoC
Fri Feb 24 13:47:58 2023
Quartus Prime Version 17.0.0 Build 595 04/25/2017 SJ Lite Edition


---------------------
; Table of Contents ;
---------------------
  1. Legal Notice
  2. Analysis & Synthesis Summary
  3. Analysis & Synthesis Settings
  4. Parallel Compilation
  5. Analysis & Synthesis Source Files Read
  6. Analysis & Synthesis Resource Usage Summary
  7. Analysis & Synthesis Resource Utilization by Entity
  8. Registers Removed During Synthesis
  9. General Register Statistics
 10. Multiplexer Restructuring Statistics (Restructuring Performed)
 11. Parameter Settings for User Entity Instance: Top-level Entity: |DE1_SoC
 12. Parameter Settings for User Entity Instance: button:button
 13. Parameter Settings for User Entity Instance: playTugOfWar:dut|victory:vic
 14. Parameter Settings for User Entity Instance: playTugOfWar:dut|victory:vic|decoder:human
 15. Parameter Settings for User Entity Instance: playTugOfWar:dut|victory:vic|decoder:cyber
 16. Port Connectivity Checks: "clock_divider:cdiv"
 17. Post-Synthesis Netlist Statistics for Top Partition
 18. Elapsed Time Per Partition
 19. Analysis & Synthesis Messages
 20. Analysis & Synthesis Suppressed Messages



----------------
; Legal Notice ;
----------------
Copyright (C) 2017  Intel Corporation. All rights reserved.
Your use of Intel Corporation's design tools, logic functions 
and other software and tools, and its AMPP partner logic 
functions, and any output files from any of the foregoing 
(including device programming or simulation files), and any 
associated documentation or information are expressly subject 
to the terms and conditions of the Intel Program License 
Subscription Agreement, the Intel Quartus Prime License Agreement,
the Intel MegaCore Function License Agreement, or other 
applicable license agreement, including, without limitation, 
that your use is for the sole purpose of programming logic 
devices manufactured by Intel and sold by Intel or its 
authorized distributors.  Please refer to the applicable 
agreement for further details.



+-------------------------------------------------------------------------------+
; Analysis & Synthesis Summary                                                  ;
+---------------------------------+---------------------------------------------+
; Analysis & Synthesis Status     ; Successful - Fri Feb 24 13:47:58 2023       ;
; Quartus Prime Version           ; 17.0.0 Build 595 04/25/2017 SJ Lite Edition ;
; Revision Name                   ; DE1_SoC                                     ;
; Top-level Entity Name           ; DE1_SoC                                     ;
; Family                          ; Cyclone V                                   ;
; Logic utilization (in ALMs)     ; N/A                                         ;
; Total registers                 ; 26                                          ;
; Total pins                      ; 67                                          ;
; Total virtual pins              ; 0                                           ;
; Total block memory bits         ; 0                                           ;
; Total DSP Blocks                ; 0                                           ;
; Total HSSI RX PCSs              ; 0                                           ;
; Total HSSI PMA RX Deserializers ; 0                                           ;
; Total HSSI TX PCSs              ; 0                                           ;
; Total HSSI PMA TX Serializers   ; 0                                           ;
; Total PLLs                      ; 0                                           ;
; Total DLLs                      ; 0                                           ;
+---------------------------------+---------------------------------------------+


+---------------------------------------------------------------------------------------------------------------------------+
; Analysis & Synthesis Settings                                                                                             ;
+---------------------------------------------------------------------------------+--------------------+--------------------+
; Option                                                                          ; Setting            ; Default Value      ;
+---------------------------------------------------------------------------------+--------------------+--------------------+
; Device                                                                          ; 5CSEMA5F31C6       ;                    ;
; Top-level entity name                                                           ; DE1_SoC            ; DE1_SoC            ;
; Family name                                                                     ; Cyclone V          ; Cyclone V          ;
; State Machine Processing                                                        ; User-Encoded       ; Auto               ;
; Use smart compilation                                                           ; Off                ; Off                ;
; Enable parallel Assembler and TimeQuest Timing Analyzer during compilation      ; On                 ; On                 ;
; Enable compact report table                                                     ; Off                ; Off                ;
; Restructure Multiplexers                                                        ; Auto               ; Auto               ;
; MLAB Add Timing Constraints For Mixed-Port Feed-Through Mode Setting Don't Care ; Off                ; Off                ;
; Create Debugging Nodes for IP Cores                                             ; Off                ; Off                ;
; Preserve fewer node names                                                       ; On                 ; On                 ;
; OpenCore Plus hardware evaluation                                               ; Enable             ; Enable             ;
; Verilog Version                                                                 ; Verilog_2001       ; Verilog_2001       ;
; VHDL Version                                                                    ; VHDL_1993          ; VHDL_1993          ;
; Safe State Machine                                                              ; Off                ; Off                ;
; Extract Verilog State Machines                                                  ; On                 ; On                 ;
; Extract VHDL State Machines                                                     ; On                 ; On                 ;
; Ignore Verilog initial constructs                                               ; Off                ; Off                ;
; Iteration limit for constant Verilog loops                                      ; 5000               ; 5000               ;
; Iteration limit for non-constant Verilog loops                                  ; 250                ; 250                ;
; Add Pass-Through Logic to Inferred RAMs                                         ; On                 ; On                 ;
; Infer RAMs from Raw Logic                                                       ; On                 ; On                 ;
; Parallel Synthesis                                                              ; On                 ; On                 ;
; DSP Block Balancing                                                             ; Auto               ; Auto               ;
; NOT Gate Push-Back                                                              ; On                 ; On                 ;
; Power-Up Don't Care                                                             ; On                 ; On                 ;
; Remove Redundant Logic Cells                                                    ; Off                ; Off                ;
; Remove Duplicate Registers                                                      ; On                 ; On                 ;
; Ignore CARRY Buffers                                                            ; Off                ; Off                ;
; Ignore CASCADE Buffers                                                          ; Off                ; Off                ;
; Ignore GLOBAL Buffers                                                           ; Off                ; Off                ;
; Ignore ROW GLOBAL Buffers                                                       ; Off                ; Off                ;
; Ignore LCELL Buffers                                                            ; Off                ; Off                ;
; Ignore SOFT Buffers                                                             ; On                 ; On                 ;
; Limit AHDL Integers to 32 Bits                                                  ; Off                ; Off                ;
; Optimization Technique                                                          ; Balanced           ; Balanced           ;
; Carry Chain Length                                                              ; 70                 ; 70                 ;
; Auto Carry Chains                                                               ; On                 ; On                 ;
; Auto Open-Drain Pins                                                            ; On                 ; On                 ;
; Perform WYSIWYG Primitive Resynthesis                                           ; Off                ; Off                ;
; Auto ROM Replacement                                                            ; On                 ; On                 ;
; Auto RAM Replacement                                                            ; On                 ; On                 ;
; Auto DSP Block Replacement                                                      ; On                 ; On                 ;
; Auto Shift Register Replacement                                                 ; Auto               ; Auto               ;
; Allow Shift Register Merging across Hierarchies                                 ; Auto               ; Auto               ;
; Auto Clock Enable Replacement                                                   ; On                 ; On                 ;
; Strict RAM Replacement                                                          ; Off                ; Off                ;
; Allow Synchronous Control Signals                                               ; On                 ; On                 ;
; Force Use of Synchronous Clear Signals                                          ; Off                ; Off                ;
; Auto Resource Sharing                                                           ; Off                ; Off                ;
; Allow Any RAM Size For Recognition                                              ; Off                ; Off                ;
; Allow Any ROM Size For Recognition                                              ; Off                ; Off                ;
; Allow Any Shift Register Size For Recognition                                   ; Off                ; Off                ;
; Use LogicLock Constraints during Resource Balancing                             ; On                 ; On                 ;
; Ignore translate_off and synthesis_off directives                               ; Off                ; Off                ;
; Timing-Driven Synthesis                                                         ; On                 ; On                 ;
; Report Parameter Settings                                                       ; On                 ; On                 ;
; Report Source Assignments                                                       ; On                 ; On                 ;
; Report Connectivity Checks                                                      ; On                 ; On                 ;
; Ignore Maximum Fan-Out Assignments                                              ; Off                ; Off                ;
; Synchronization Register Chain Length                                           ; 3                  ; 3                  ;
; PowerPlay Power Optimization During Synthesis                                   ; Normal compilation ; Normal compilation ;
; HDL message level                                                               ; Level2             ; Level2             ;
; Suppress Register Optimization Related Messages                                 ; Off                ; Off                ;
; Number of Removed Registers Reported in Synthesis Report                        ; 5000               ; 5000               ;
; Number of Swept Nodes Reported in Synthesis Report                              ; 5000               ; 5000               ;
; Number of Inverted Registers Reported in Synthesis Report                       ; 100                ; 100                ;
; Clock MUX Protection                                                            ; On                 ; On                 ;
; Auto Gated Clock Conversion                                                     ; Off                ; Off                ;
; Block Design Naming                                                             ; Auto               ; Auto               ;
; SDC constraint protection                                                       ; Off                ; Off                ;
; Synthesis Effort                                                                ; Auto               ; Auto               ;
; Shift Register Replacement - Allow Asynchronous Clear Signal                    ; On                 ; On                 ;
; Pre-Mapping Resynthesis Optimization                                            ; Off                ; Off                ;
; Analysis & Synthesis Message Level                                              ; Medium             ; Medium             ;
; Disable Register Merging Across Hierarchies                                     ; Auto               ; Auto               ;
; Resource Aware Inference For Block RAM                                          ; On                 ; On                 ;
; Automatic Parallel Synthesis                                                    ; On                 ; On                 ;
; Partial Reconfiguration Bitstream ID                                            ; Off                ; Off                ;
+---------------------------------------------------------------------------------+--------------------+--------------------+


+------------------------------------------+
; Parallel Compilation                     ;
+----------------------------+-------------+
; Processors                 ; Number      ;
+----------------------------+-------------+
; Number detected on machine ; 12          ;
; Maximum allowed            ; 6           ;
;                            ;             ;
; Average used               ; 1.00        ;
; Maximum used               ; 6           ;
;                            ;             ;
; Usage by Processor         ; % Time Used ;
;     Processor 1            ; 100.0%      ;
;     Processors 2-6         ;   0.0%      ;
+----------------------------+-------------+


+--------------------------------------------------------------------------------------------------------------------------------------------+
; Analysis & Synthesis Source Files Read                                                                                                     ;
+----------------------------------+-----------------+------------------------------+----------------------------------------------+---------+
; File Name with User-Entered Path ; Used in Netlist ; File Type                    ; File Name with Absolute Path                 ; Library ;
+----------------------------------+-----------------+------------------------------+----------------------------------------------+---------+
; button.sv                        ; yes             ; User SystemVerilog HDL File  ; C:/Users/zeqili/Desktop/lab6/button.sv       ;         ;
; adder.sv                         ; yes             ; User SystemVerilog HDL File  ; C:/Users/zeqili/Desktop/lab6/adder.sv        ;         ;
; LSDR.sv                          ; yes             ; User SystemVerilog HDL File  ; C:/Users/zeqili/Desktop/lab6/LSDR.sv         ;         ;
; victory.sv                       ; yes             ; User SystemVerilog HDL File  ; C:/Users/zeqili/Desktop/lab6/victory.sv      ;         ;
; playField.sv                     ; yes             ; User SystemVerilog HDL File  ; C:/Users/zeqili/Desktop/lab6/playField.sv    ;         ;
; playTugOfWar.sv                  ; yes             ; User SystemVerilog HDL File  ; C:/Users/zeqili/Desktop/lab6/playTugOfWar.sv ;         ;
; DE1_SoC.sv                       ; yes             ; User SystemVerilog HDL File  ; C:/Users/zeqili/Desktop/lab6/DE1_SoC.sv      ;         ;
+----------------------------------+-----------------+------------------------------+----------------------------------------------+---------+


+-------------------------------------------------------------------------------------+
; Analysis & Synthesis Resource Usage Summary                                         ;
+---------------------------------------------+---------------------------------------+
; Resource                                    ; Usage                                 ;
+---------------------------------------------+---------------------------------------+
; Estimate of Logic utilization (ALMs needed) ; 38                                    ;
;                                             ;                                       ;
; Combinational ALUT usage for logic          ; 63                                    ;
;     -- 7 input functions                    ; 0                                     ;
;     -- 6 input functions                    ; 11                                    ;
;     -- 5 input functions                    ; 9                                     ;
;     -- 4 input functions                    ; 8                                     ;
;     -- <=3 input functions                  ; 35                                    ;
;                                             ;                                       ;
; Dedicated logic registers                   ; 26                                    ;
;                                             ;                                       ;
; I/O pins                                    ; 67                                    ;
;                                             ;                                       ;
; Total DSP Blocks                            ; 0                                     ;
;                                             ;                                       ;
; Maximum fan-out node                        ; clock_divider:cdiv|divided_closcks[0] ;
; Maximum fan-out                             ; 26                                    ;
; Total fan-out                               ; 395                                   ;
; Average fan-out                             ; 1.77                                  ;
+---------------------------------------------+---------------------------------------+


+--------------------------------------------------------------------------------------------------------------------------------------------------------------------------------------------------------------------------+
; Analysis & Synthesis Resource Utilization by Entity                                                                                                                                                                      ;
+----------------------------+---------------------+---------------------------+-------------------+------------+------+--------------+-----------------------------------------------------+---------------+--------------+
; Compilation Hierarchy Node ; Combinational ALUTs ; Dedicated Logic Registers ; Block Memory Bits ; DSP Blocks ; Pins ; Virtual Pins ; Full Hierarchy Name                                 ; Entity Name   ; Library Name ;
+----------------------------+---------------------+---------------------------+-------------------+------------+------+--------------+-----------------------------------------------------+---------------+--------------+
; |DE1_SoC                   ; 63 (0)              ; 26 (0)                    ; 0                 ; 0          ; 67   ; 0            ; |DE1_SoC                                            ; DE1_SoC       ; work         ;
;    |LSDR:randomNumber|     ; 1 (1)               ; 9 (9)                     ; 0                 ; 0          ; 0    ; 0            ; |DE1_SoC|LSDR:randomNumber                          ; LSDR          ; work         ;
;    |adder:tenBit|          ; 10 (10)             ; 0 (0)                     ; 0                 ; 0          ; 0    ; 0            ; |DE1_SoC|adder:tenBit                               ; adder         ; work         ;
;    |button:button|         ; 2 (2)               ; 1 (1)                     ; 0                 ; 0          ; 0    ; 0            ; |DE1_SoC|button:button                              ; button        ; work         ;
;    |clock_divider:cdiv|    ; 1 (1)               ; 1 (1)                     ; 0                 ; 0          ; 0    ; 0            ; |DE1_SoC|clock_divider:cdiv                         ; clock_divider ; work         ;
;    |playTugOfWar:dut|      ; 49 (0)              ; 15 (0)                    ; 0                 ; 0          ; 0    ; 0            ; |DE1_SoC|playTugOfWar:dut                           ; playTugOfWar  ; work         ;
;       |playField:field|    ; 23 (23)             ; 9 (9)                     ; 0                 ; 0          ; 0    ; 0            ; |DE1_SoC|playTugOfWar:dut|playField:field           ; playField     ; work         ;
;       |victory:vic|        ; 26 (12)             ; 6 (6)                     ; 0                 ; 0          ; 0    ; 0            ; |DE1_SoC|playTugOfWar:dut|victory:vic               ; victory       ; work         ;
;          |decoder:cyber|   ; 7 (7)               ; 0 (0)                     ; 0                 ; 0          ; 0    ; 0            ; |DE1_SoC|playTugOfWar:dut|victory:vic|decoder:cyber ; decoder       ; work         ;
;          |decoder:human|   ; 7 (7)               ; 0 (0)                     ; 0                 ; 0          ; 0    ; 0            ; |DE1_SoC|playTugOfWar:dut|victory:vic|decoder:human ; decoder       ; work         ;
+----------------------------+---------------------+---------------------------+-------------------+------------+------+--------------+-----------------------------------------------------+---------------+--------------+
Note: For table entries with two numbers listed, the numbers in parentheses indicate the number of resources of the given type used by the specific entity alone. The numbers listed outside of parentheses indicate the total resources of the given type used by the specific entity and all of its sub-entities in the hierarchy.


+----------------------------------------------------------------+
; Registers Removed During Synthesis                             ;
+-------------------------------------------+--------------------+
; Register name                             ; Reason for Removal ;
+-------------------------------------------+--------------------+
; clock_divider:cdiv|divided_closcks[1..31] ; Lost fanout        ;
; Total Number of Removed Registers = 31    ;                    ;
+-------------------------------------------+--------------------+


+------------------------------------------------------+
; General Register Statistics                          ;
+----------------------------------------------+-------+
; Statistic                                    ; Value ;
+----------------------------------------------+-------+
; Total registers                              ; 26    ;
; Number of registers using Synchronous Clear  ; 9     ;
; Number of registers using Synchronous Load   ; 0     ;
; Number of registers using Asynchronous Clear ; 0     ;
; Number of registers using Asynchronous Load  ; 0     ;
; Number of registers using Clock Enable       ; 6     ;
; Number of registers using Preset             ; 0     ;
+----------------------------------------------+-------+


+-----------------------------------------------------------------------------------------------------------------------------------------------------------------+
; Multiplexer Restructuring Statistics (Restructuring Performed)                                                                                                  ;
+--------------------+-----------+---------------+----------------------+------------------------+------------+---------------------------------------------------+
; Multiplexer Inputs ; Bus Width ; Baseline Area ; Area if Restructured ; Saving if Restructured ; Registered ; Example Multiplexer Output                        ;
+--------------------+-----------+---------------+----------------------+------------------------+------------+---------------------------------------------------+
; 3:1                ; 3 bits    ; 6 LEs         ; 3 LEs                ; 3 LEs                  ; Yes        ; |DE1_SoC|playTugOfWar:dut|victory:vic|ps[2]       ;
; 3:1                ; 3 bits    ; 6 LEs         ; 3 LEs                ; 3 LEs                  ; Yes        ; |DE1_SoC|playTugOfWar:dut|victory:vic|psCyb[0]    ;
; 5:1                ; 6 bits    ; 18 LEs        ; 12 LEs               ; 6 LEs                  ; Yes        ; |DE1_SoC|playTugOfWar:dut|playField:field|LEDR[1] ;
+--------------------+-----------+---------------+----------------------+------------------------+------------+---------------------------------------------------+


+-------------------------------------------------------------------------+
; Parameter Settings for User Entity Instance: Top-level Entity: |DE1_SoC ;
+----------------+-------+------------------------------------------------+
; Parameter Name ; Value ; Type                                           ;
+----------------+-------+------------------------------------------------+
; whichClock     ; 0     ; Signed Integer                                 ;
+----------------+-------+------------------------------------------------+
Note: In order to hide this table in the UI and the text report file, please set the "Show Parameter Settings in Synthesis Report" option in "Analysis and Synthesis Settings -> More Settings" to "Off".


+------------------------------------------------------------+
; Parameter Settings for User Entity Instance: button:button ;
+----------------+-------+-----------------------------------+
; Parameter Name ; Value ; Type                              ;
+----------------+-------+-----------------------------------+
; on             ; 1     ; Unsigned Binary                   ;
; off            ; 0     ; Unsigned Binary                   ;
+----------------+-------+-----------------------------------+
Note: In order to hide this table in the UI and the text report file, please set the "Show Parameter Settings in Synthesis Report" option in "Analysis and Synthesis Settings -> More Settings" to "Off".


+---------------------------------------------------------------------------+
; Parameter Settings for User Entity Instance: playTugOfWar:dut|victory:vic ;
+----------------+-------+--------------------------------------------------+
; Parameter Name ; Value ; Type                                             ;
+----------------+-------+--------------------------------------------------+
; zero           ; 000   ; Unsigned Binary                                  ;
; seven          ; 111   ; Unsigned Binary                                  ;
+----------------+-------+--------------------------------------------------+
Note: In order to hide this table in the UI and the text report file, please set the "Show Parameter Settings in Synthesis Report" option in "Analysis and Synthesis Settings -> More Settings" to "Off".


+-----------------------------------------------------------------------------------------+
; Parameter Settings for User Entity Instance: playTugOfWar:dut|victory:vic|decoder:human ;
+----------------+-------+----------------------------------------------------------------+
; Parameter Name ; Value ; Type                                                           ;
+----------------+-------+----------------------------------------------------------------+
; zero           ; 000   ; Unsigned Binary                                                ;
; one            ; 001   ; Unsigned Binary                                                ;
; two            ; 010   ; Unsigned Binary                                                ;
; three          ; 011   ; Unsigned Binary                                                ;
; four           ; 100   ; Unsigned Binary                                                ;
; five           ; 101   ; Unsigned Binary                                                ;
; six            ; 110   ; Unsigned Binary                                                ;
; seven          ; 111   ; Unsigned Binary                                                ;
+----------------+-------+----------------------------------------------------------------+
Note: In order to hide this table in the UI and the text report file, please set the "Show Parameter Settings in Synthesis Report" option in "Analysis and Synthesis Settings -> More Settings" to "Off".


+-----------------------------------------------------------------------------------------+
; Parameter Settings for User Entity Instance: playTugOfWar:dut|victory:vic|decoder:cyber ;
+----------------+-------+----------------------------------------------------------------+
; Parameter Name ; Value ; Type                                                           ;
+----------------+-------+----------------------------------------------------------------+
; zero           ; 000   ; Unsigned Binary                                                ;
; one            ; 001   ; Unsigned Binary                                                ;
; two            ; 010   ; Unsigned Binary                                                ;
; three          ; 011   ; Unsigned Binary                                                ;
; four           ; 100   ; Unsigned Binary                                                ;
; five           ; 101   ; Unsigned Binary                                                ;
; six            ; 110   ; Unsigned Binary                                                ;
; seven          ; 111   ; Unsigned Binary                                                ;
+----------------+-------+----------------------------------------------------------------+
Note: In order to hide this table in the UI and the text report file, please set the "Show Parameter Settings in Synthesis Report" option in "Analysis and Synthesis Settings -> More Settings" to "Off".


+----------------------------------------------------------------------------------------------------------------------------------+
; Port Connectivity Checks: "clock_divider:cdiv"                                                                                   ;
+------------------------+--------+----------+-------------------------------------------------------------------------------------+
; Port                   ; Type   ; Severity ; Details                                                                             ;
+------------------------+--------+----------+-------------------------------------------------------------------------------------+
; divided_closcks[31..1] ; Output ; Info     ; Connected to dangling logic. Logic that only feeds a dangling port will be removed. ;
+------------------------+--------+----------+-------------------------------------------------------------------------------------+


+-----------------------------------------------------+
; Post-Synthesis Netlist Statistics for Top Partition ;
+-----------------------+-----------------------------+
; Type                  ; Count                       ;
+-----------------------+-----------------------------+
; arriav_ff             ; 26                          ;
;     ENA               ; 6                           ;
;     SCLR              ; 9                           ;
;     plain             ; 11                          ;
; arriav_lcell_comb     ; 65                          ;
;     arith             ; 10                          ;
;         0 data inputs ; 1                           ;
;         2 data inputs ; 9                           ;
;     normal            ; 55                          ;
;         0 data inputs ; 2                           ;
;         1 data inputs ; 1                           ;
;         2 data inputs ; 5                           ;
;         3 data inputs ; 19                          ;
;         4 data inputs ; 8                           ;
;         5 data inputs ; 9                           ;
;         6 data inputs ; 11                          ;
; boundary_port         ; 67                          ;
;                       ;                             ;
; Max LUT depth         ; 3.90                        ;
; Average LUT depth     ; 2.87                        ;
+-----------------------+-----------------------------+


+-------------------------------+
; Elapsed Time Per Partition    ;
+----------------+--------------+
; Partition Name ; Elapsed Time ;
+----------------+--------------+
; Top            ; 00:00:00     ;
+----------------+--------------+


+-------------------------------+
; Analysis & Synthesis Messages ;
+-------------------------------+
Info: *******************************************************************
Info: Running Quartus Prime Analysis & Synthesis
    Info: Version 17.0.0 Build 595 04/25/2017 SJ Lite Edition
    Info: Processing started: Fri Feb 24 13:47:48 2023
Info: Command: quartus_map --read_settings_files=on --write_settings_files=off DE1_SoC -c DE1_SoC
Warning (18236): Number of processors has not been specified which may cause overloading on shared machines.  Set the global assignment NUM_PARALLEL_PROCESSORS in your QSF to an appropriate value for best performance.
Info (20030): Parallel compilation is enabled and will use 6 of the 6 processors detected
Info (12021): Found 2 design units, including 2 entities, in source file button.sv
    Info (12023): Found entity 1: button File: C:/Users/zeqili/Desktop/lab6/button.sv Line: 2
    Info (12023): Found entity 2: button_testbench File: C:/Users/zeqili/Desktop/lab6/button.sv Line: 26
Info (12021): Found 2 design units, including 2 entities, in source file adder.sv
    Info (12023): Found entity 1: adder File: C:/Users/zeqili/Desktop/lab6/adder.sv Line: 1
    Info (12023): Found entity 2: adder_testbench File: C:/Users/zeqili/Desktop/lab6/adder.sv Line: 13
Info (12021): Found 2 design units, including 2 entities, in source file lsdr.sv
    Info (12023): Found entity 1: LSDR File: C:/Users/zeqili/Desktop/lab6/LSDR.sv Line: 1
    Info (12023): Found entity 2: LSDR_testbench File: C:/Users/zeqili/Desktop/lab6/LSDR.sv Line: 22
Info (12021): Found 2 design units, including 2 entities, in source file victory.sv
    Info (12023): Found entity 1: victory File: C:/Users/zeqili/Desktop/lab6/victory.sv Line: 1
    Info (12023): Found entity 2: decoder File: C:/Users/zeqili/Desktop/lab6/victory.sv Line: 58
Info (12021): Found 2 design units, including 2 entities, in source file playfield.sv
    Info (12023): Found entity 1: playField File: C:/Users/zeqili/Desktop/lab6/playField.sv Line: 1
    Info (12023): Found entity 2: playField_testbench File: C:/Users/zeqili/Desktop/lab6/playField.sv Line: 29
Info (12021): Found 2 design units, including 2 entities, in source file centerlight.sv
    Info (12023): Found entity 1: centerLight File: C:/Users/zeqili/Desktop/lab6/centerLight.sv Line: 1
    Info (12023): Found entity 2: normalLight File: C:/Users/zeqili/Desktop/lab6/centerLight.sv Line: 40
Info (12021): Found 2 design units, including 2 entities, in source file playtugofwar.sv
    Info (12023): Found entity 1: playTugOfWar File: C:/Users/zeqili/Desktop/lab6/playTugOfWar.sv Line: 1
    Info (12023): Found entity 2: playTugOfWar_testbench File: C:/Users/zeqili/Desktop/lab6/playTugOfWar.sv Line: 18
Info (12021): Found 3 design units, including 3 entities, in source file de1_soc.sv
    Info (12023): Found entity 1: DE1_SoC File: C:/Users/zeqili/Desktop/lab6/DE1_SoC.sv Line: 4
    Info (12023): Found entity 2: clock_divider File: C:/Users/zeqili/Desktop/lab6/DE1_SoC.sv Line: 34
    Info (12023): Found entity 3: DE1_SoC_testbench File: C:/Users/zeqili/Desktop/lab6/DE1_SoC.sv Line: 46
Info (12127): Elaborating entity "DE1_SoC" for the top level hierarchy
Info (12128): Elaborating entity "clock_divider" for hierarchy "clock_divider:cdiv" File: C:/Users/zeqili/Desktop/lab6/DE1_SoC.sv Line: 20
Info (12128): Elaborating entity "LSDR" for hierarchy "LSDR:randomNumber" File: C:/Users/zeqili/Desktop/lab6/DE1_SoC.sv Line: 24
Info (12128): Elaborating entity "adder" for hierarchy "adder:tenBit" File: C:/Users/zeqili/Desktop/lab6/DE1_SoC.sv Line: 25
Warning (10036): Verilog HDL or VHDL warning at adder.sv(5): object "sum" assigned a value but never read File: C:/Users/zeqili/Desktop/lab6/adder.sv Line: 5
Info (12128): Elaborating entity "button" for hierarchy "button:button" File: C:/Users/zeqili/Desktop/lab6/DE1_SoC.sv Line: 27
Info (12128): Elaborating entity "playTugOfWar" for hierarchy "playTugOfWar:dut" File: C:/Users/zeqili/Desktop/lab6/DE1_SoC.sv Line: 29
Info (12128): Elaborating entity "playField" for hierarchy "playTugOfWar:dut|playField:field" File: C:/Users/zeqili/Desktop/lab6/playTugOfWar.sv Line: 12
Info (12128): Elaborating entity "victory" for hierarchy "playTugOfWar:dut|victory:vic" File: C:/Users/zeqili/Desktop/lab6/playTugOfWar.sv Line: 14
Info (12128): Elaborating entity "decoder" for hierarchy "playTugOfWar:dut|victory:vic|decoder:human" File: C:/Users/zeqili/Desktop/lab6/victory.sv Line: 42
Info (286030): Timing-Driven Synthesis is running
Info (17049): 31 registers lost all their fanouts during netlist optimizations.
Info (144001): Generated suppressed messages file C:/Users/zeqili/Desktop/lab6/output_files/DE1_SoC.map.smsg
Info (16010): Generating hard_block partition "hard_block:auto_generated_inst"
    Info (16011): Adding 0 node(s), including 0 DDIO, 0 PLL, 0 transceiver and 0 LCELL
Info (21057): Implemented 138 device resources after synthesis - the final resource count might be different
    Info (21058): Implemented 15 input pins
    Info (21059): Implemented 52 output pins
    Info (21061): Implemented 71 logic cells
Info: Quartus Prime Analysis & Synthesis was successful. 0 errors, 2 warnings
    Info: Peak virtual memory: 4844 megabytes
    Info: Processing ended: Fri Feb 24 13:47:58 2023
    Info: Elapsed time: 00:00:10
    Info: Total CPU time (on all processors): 00:00:25


+------------------------------------------+
; Analysis & Synthesis Suppressed Messages ;
+------------------------------------------+
The suppressed messages can be found in C:/Users/zeqili/Desktop/lab6/output_files/DE1_SoC.map.smsg.


