Analysis & Synthesis report for DE1_SoC
Thu Feb 16 15:29:01 2023
Quartus Prime Version 17.0.0 Build 595 04/25/2017 SJ Lite Edition


---------------------
; Table of Contents ;
---------------------
  1. Legal Notice
  2. Analysis & Synthesis Summary
  3. Analysis & Synthesis Settings
  4. Parallel Compilation
  5. Analysis & Synthesis Source Files Read
  6. Analysis & Synthesis Resource Usage Summary
  7. Analysis & Synthesis Resource Utilization by Entity
  8. Registers Removed During Synthesis
  9. General Register Statistics
 10. Multiplexer Restructuring Statistics (Restructuring Performed)
 11. Port Connectivity Checks: "normalLight:n9"
 12. Port Connectivity Checks: "normalLight:n1"
 13. Post-Synthesis Netlist Statistics for Top Partition
 14. Elapsed Time Per Partition
 15. Analysis & Synthesis Messages
 16. Analysis & Synthesis Suppressed Messages



----------------
; Legal Notice ;
----------------
Copyright (C) 2017  Intel Corporation. All rights reserved.
Your use of Intel Corporation's design tools, logic functions 
and other software and tools, and its AMPP partner logic 
functions, and any output files from any of the foregoing 
(including device programming or simulation files), and any 
associated documentation or information are expressly subject 
to the terms and conditions of the Intel Program License 
Subscription Agreement, the Intel Quartus Prime License Agreement,
the Intel MegaCore Function License Agreement, or other 
applicable license agreement, including, without limitation, 
that your use is for the sole purpose of programming logic 
devices manufactured by Intel and sold by Intel or its 
authorized distributors.  Please refer to the applicable 
agreement for further details.



+-------------------------------------------------------------------------------+
; Analysis & Synthesis Summary                                                  ;
+---------------------------------+---------------------------------------------+
; Analysis & Synthesis Status     ; Successful - Thu Feb 16 15:29:01 2023       ;
; Quartus Prime Version           ; 17.0.0 Build 595 04/25/2017 SJ Lite Edition ;
; Revision Name                   ; DE1_SoC                                     ;
; Top-level Entity Name           ; DE1_SoC                                     ;
; Family                          ; Cyclone V                                   ;
; Logic utilization (in ALMs)     ; N/A                                         ;
; Total registers                 ; 18                                          ;
; Total pins                      ; 33                                          ;
; Total virtual pins              ; 0                                           ;
; Total block memory bits         ; 0                                           ;
; Total DSP Blocks                ; 0                                           ;
; Total HSSI RX PCSs              ; 0                                           ;
; Total HSSI PMA RX Deserializers ; 0                                           ;
; Total HSSI TX PCSs              ; 0                                           ;
; Total HSSI PMA TX Serializers   ; 0                                           ;
; Total PLLs                      ; 0                                           ;
; Total DLLs                      ; 0                                           ;
+---------------------------------+---------------------------------------------+


+---------------------------------------------------------------------------------------------------------------------------+
; Analysis & Synthesis Settings                                                                                             ;
+---------------------------------------------------------------------------------+--------------------+--------------------+
; Option                                                                          ; Setting            ; Default Value      ;
+---------------------------------------------------------------------------------+--------------------+--------------------+
; Device                                                                          ; 5CSEMA5F31C6       ;                    ;
; Top-level entity name                                                           ; DE1_SoC            ; DE1_SoC            ;
; Family name                                                                     ; Cyclone V          ; Cyclone V          ;
; State Machine Processing                                                        ; User-Encoded       ; Auto               ;
; Use smart compilation                                                           ; Off                ; Off                ;
; Enable parallel Assembler and TimeQuest Timing Analyzer during compilation      ; On                 ; On                 ;
; Enable compact report table                                                     ; Off                ; Off                ;
; Restructure Multiplexers                                                        ; Auto               ; Auto               ;
; MLAB Add Timing Constraints For Mixed-Port Feed-Through Mode Setting Don't Care ; Off                ; Off                ;
; Create Debugging Nodes for IP Cores                                             ; Off                ; Off                ;
; Preserve fewer node names                                                       ; On                 ; On                 ;
; OpenCore Plus hardware evaluation                                               ; Enable             ; Enable             ;
; Verilog Version                                                                 ; Verilog_2001       ; Verilog_2001       ;
; VHDL Version                                                                    ; VHDL_1993          ; VHDL_1993          ;
; Safe State Machine                                                              ; Off                ; Off                ;
; Extract Verilog State Machines                                                  ; On                 ; On                 ;
; Extract VHDL State Machines                                                     ; On                 ; On                 ;
; Ignore Verilog initial constructs                                               ; Off                ; Off                ;
; Iteration limit for constant Verilog loops                                      ; 5000               ; 5000               ;
; Iteration limit for non-constant Verilog loops                                  ; 250                ; 250                ;
; Add Pass-Through Logic to Inferred RAMs                                         ; On                 ; On                 ;
; Infer RAMs from Raw Logic                                                       ; On                 ; On                 ;
; Parallel Synthesis                                                              ; On                 ; On                 ;
; DSP Block Balancing                                                             ; Auto               ; Auto               ;
; NOT Gate Push-Back                                                              ; On                 ; On                 ;
; Power-Up Don't Care                                                             ; On                 ; On                 ;
; Remove Redundant Logic Cells                                                    ; Off                ; Off                ;
; Remove Duplicate Registers                                                      ; On                 ; On                 ;
; Ignore CARRY Buffers                                                            ; Off                ; Off                ;
; Ignore CASCADE Buffers                                                          ; Off                ; Off                ;
; Ignore GLOBAL Buffers                                                           ; Off                ; Off                ;
; Ignore ROW GLOBAL Buffers                                                       ; Off                ; Off                ;
; Ignore LCELL Buffers                                                            ; Off                ; Off                ;
; Ignore SOFT Buffers                                                             ; On                 ; On                 ;
; Limit AHDL Integers to 32 Bits                                                  ; Off                ; Off                ;
; Optimization Technique                                                          ; Balanced           ; Balanced           ;
; Carry Chain Length                                                              ; 70                 ; 70                 ;
; Auto Carry Chains                                                               ; On                 ; On                 ;
; Auto Open-Drain Pins                                                            ; On                 ; On                 ;
; Perform WYSIWYG Primitive Resynthesis                                           ; Off                ; Off                ;
; Auto ROM Replacement                                                            ; On                 ; On                 ;
; Auto RAM Replacement                                                            ; On                 ; On                 ;
; Auto DSP Block Replacement                                                      ; On                 ; On                 ;
; Auto Shift Register Replacement                                                 ; Auto               ; Auto               ;
; Allow Shift Register Merging across Hierarchies                                 ; Auto               ; Auto               ;
; Auto Clock Enable Replacement                                                   ; On                 ; On                 ;
; Strict RAM Replacement                                                          ; Off                ; Off                ;
; Allow Synchronous Control Signals                                               ; On                 ; On                 ;
; Force Use of Synchronous Clear Signals                                          ; Off                ; Off                ;
; Auto Resource Sharing                                                           ; Off                ; Off                ;
; Allow Any RAM Size For Recognition                                              ; Off                ; Off                ;
; Allow Any ROM Size For Recognition                                              ; Off                ; Off                ;
; Allow Any Shift Register Size For Recognition                                   ; Off                ; Off                ;
; Use LogicLock Constraints during Resource Balancing                             ; On                 ; On                 ;
; Ignore translate_off and synthesis_off directives                               ; Off                ; Off                ;
; Timing-Driven Synthesis                                                         ; On                 ; On                 ;
; Report Parameter Settings                                                       ; On                 ; On                 ;
; Report Source Assignments                                                       ; On                 ; On                 ;
; Report Connectivity Checks                                                      ; On                 ; On                 ;
; Ignore Maximum Fan-Out Assignments                                              ; Off                ; Off                ;
; Synchronization Register Chain Length                                           ; 3                  ; 3                  ;
; PowerPlay Power Optimization During Synthesis                                   ; Normal compilation ; Normal compilation ;
; HDL message level                                                               ; Level2             ; Level2             ;
; Suppress Register Optimization Related Messages                                 ; Off                ; Off                ;
; Number of Removed Registers Reported in Synthesis Report                        ; 5000               ; 5000               ;
; Number of Swept Nodes Reported in Synthesis Report                              ; 5000               ; 5000               ;
; Number of Inverted Registers Reported in Synthesis Report                       ; 100                ; 100                ;
; Clock MUX Protection                                                            ; On                 ; On                 ;
; Auto Gated Clock Conversion                                                     ; Off                ; Off                ;
; Block Design Naming                                                             ; Auto               ; Auto               ;
; SDC constraint protection                                                       ; Off                ; Off                ;
; Synthesis Effort                                                                ; Auto               ; Auto               ;
; Shift Register Replacement - Allow Asynchronous Clear Signal                    ; On                 ; On                 ;
; Pre-Mapping Resynthesis Optimization                                            ; Off                ; Off                ;
; Analysis & Synthesis Message Level                                              ; Medium             ; Medium             ;
; Disable Register Merging Across Hierarchies                                     ; Auto               ; Auto               ;
; Resource Aware Inference For Block RAM                                          ; On                 ; On                 ;
; Automatic Parallel Synthesis                                                    ; On                 ; On                 ;
; Partial Reconfiguration Bitstream ID                                            ; Off                ; Off                ;
+---------------------------------------------------------------------------------+--------------------+--------------------+


+------------------------------------------+
; Parallel Compilation                     ;
+----------------------------+-------------+
; Processors                 ; Number      ;
+----------------------------+-------------+
; Number detected on machine ; 4           ;
; Maximum allowed            ; 4           ;
;                            ;             ;
; Average used               ; 1.00        ;
; Maximum used               ; 4           ;
;                            ;             ;
; Usage by Processor         ; % Time Used ;
;     Processor 1            ; 100.0%      ;
;     Processors 2-4         ;   0.0%      ;
+----------------------------+-------------+


+-------------------------------------------------------------------------------------------------------------------------------------------+
; Analysis & Synthesis Source Files Read                                                                                                    ;
+----------------------------------+-----------------+------------------------------+---------------------------------------------+---------+
; File Name with User-Entered Path ; Used in Netlist ; File Type                    ; File Name with Absolute Path                ; Library ;
+----------------------------------+-----------------+------------------------------+---------------------------------------------+---------+
; DE1_SoC.sv                       ; yes             ; User SystemVerilog HDL File  ; C:/Users/shiyuc9/Desktop/lab5/DE1_SoC.sv    ;         ;
; tug_of_war.sv                    ; yes             ; User SystemVerilog HDL File  ; C:/Users/shiyuc9/Desktop/lab5/tug_of_war.sv ;         ;
+----------------------------------+-----------------+------------------------------+---------------------------------------------+---------+


+-----------------------------------------------------------+
; Analysis & Synthesis Resource Usage Summary               ;
+---------------------------------------------+-------------+
; Resource                                    ; Usage       ;
+---------------------------------------------+-------------+
; Estimate of Logic utilization (ALMs needed) ; 14          ;
;                                             ;             ;
; Combinational ALUT usage for logic          ; 23          ;
;     -- 7 input functions                    ; 0           ;
;     -- 6 input functions                    ; 3           ;
;     -- 5 input functions                    ; 9           ;
;     -- 4 input functions                    ; 1           ;
;     -- <=3 input functions                  ; 10          ;
;                                             ;             ;
; Dedicated logic registers                   ; 18          ;
;                                             ;             ;
; I/O pins                                    ; 33          ;
;                                             ;             ;
; Total DSP Blocks                            ; 0           ;
;                                             ;             ;
; Maximum fan-out node                        ; SW[9]~input ;
; Maximum fan-out                             ; 19          ;
; Total fan-out                               ; 190         ;
; Average fan-out                             ; 1.78        ;
+---------------------------------------------+-------------+


+------------------------------------------------------------------------------------------------------------------------------------------------------------------------------------------------+
; Analysis & Synthesis Resource Utilization by Entity                                                                                                                                            ;
+----------------------------+---------------------+---------------------------+-------------------+------------+------+--------------+-----------------------------+-------------+--------------+
; Compilation Hierarchy Node ; Combinational ALUTs ; Dedicated Logic Registers ; Block Memory Bits ; DSP Blocks ; Pins ; Virtual Pins ; Full Hierarchy Name         ; Entity Name ; Library Name ;
+----------------------------+---------------------+---------------------------+-------------------+------------+------+--------------+-----------------------------+-------------+--------------+
; |DE1_SoC                   ; 23 (0)              ; 18 (0)                    ; 0                 ; 0          ; 33   ; 0            ; |DE1_SoC                    ; DE1_SoC     ; work         ;
;    |centerLight:n5|        ; 5 (5)               ; 1 (1)                     ; 0                 ; 0          ; 0    ; 0            ; |DE1_SoC|centerLight:n5     ; centerLight ; work         ;
;    |checkWin:winnerIs|     ; 2 (2)               ; 2 (2)                     ; 0                 ; 0          ; 0    ; 0            ; |DE1_SoC|checkWin:winnerIs  ; checkWin    ; work         ;
;    |hexdisplay:display|    ; 2 (2)               ; 3 (3)                     ; 0                 ; 0          ; 0    ; 0            ; |DE1_SoC|hexdisplay:display ; hexdisplay  ; work         ;
;    |normalLight:n1|        ; 1 (1)               ; 1 (1)                     ; 0                 ; 0          ; 0    ; 0            ; |DE1_SoC|normalLight:n1     ; normalLight ; work         ;
;    |normalLight:n2|        ; 1 (1)               ; 1 (1)                     ; 0                 ; 0          ; 0    ; 0            ; |DE1_SoC|normalLight:n2     ; normalLight ; work         ;
;    |normalLight:n3|        ; 1 (1)               ; 1 (1)                     ; 0                 ; 0          ; 0    ; 0            ; |DE1_SoC|normalLight:n3     ; normalLight ; work         ;
;    |normalLight:n4|        ; 1 (1)               ; 1 (1)                     ; 0                 ; 0          ; 0    ; 0            ; |DE1_SoC|normalLight:n4     ; normalLight ; work         ;
;    |normalLight:n6|        ; 1 (1)               ; 1 (1)                     ; 0                 ; 0          ; 0    ; 0            ; |DE1_SoC|normalLight:n6     ; normalLight ; work         ;
;    |normalLight:n7|        ; 1 (1)               ; 1 (1)                     ; 0                 ; 0          ; 0    ; 0            ; |DE1_SoC|normalLight:n7     ; normalLight ; work         ;
;    |normalLight:n8|        ; 1 (1)               ; 1 (1)                     ; 0                 ; 0          ; 0    ; 0            ; |DE1_SoC|normalLight:n8     ; normalLight ; work         ;
;    |normalLight:n9|        ; 1 (1)               ; 1 (1)                     ; 0                 ; 0          ; 0    ; 0            ; |DE1_SoC|normalLight:n9     ; normalLight ; work         ;
;    |userInput:player1|     ; 3 (3)               ; 2 (2)                     ; 0                 ; 0          ; 0    ; 0            ; |DE1_SoC|userInput:player1  ; userInput   ; work         ;
;    |userInput:player2|     ; 3 (3)               ; 2 (2)                     ; 0                 ; 0          ; 0    ; 0            ; |DE1_SoC|userInput:player2  ; userInput   ; work         ;
+----------------------------+---------------------+---------------------------+-------------------+------------+------+--------------+-----------------------------+-------------+--------------+
Note: For table entries with two numbers listed, the numbers in parentheses indicate the number of resources of the given type used by the specific entity alone. The numbers listed outside of parentheses indicate the total resources of the given type used by the specific entity and all of its sub-entities in the hierarchy.


+------------------------------------------------------------------------------------+
; Registers Removed During Synthesis                                                 ;
+-----------------------------------------+------------------------------------------+
; Register name                           ; Reason for Removal                       ;
+-----------------------------------------+------------------------------------------+
; normalLight:n9|ps[1..31]                ; Stuck at GND due to stuck port data_in   ;
; normalLight:n8|ps[1..31]                ; Stuck at GND due to stuck port data_in   ;
; normalLight:n7|ps[1..31]                ; Stuck at GND due to stuck port data_in   ;
; normalLight:n6|ps[1..31]                ; Stuck at GND due to stuck port data_in   ;
; centerLight:n5|ps[1..31]                ; Stuck at GND due to stuck port data_in   ;
; normalLight:n4|ps[1..31]                ; Stuck at GND due to stuck port data_in   ;
; normalLight:n3|ps[1..31]                ; Stuck at GND due to stuck port data_in   ;
; normalLight:n2|ps[1..31]                ; Stuck at GND due to stuck port data_in   ;
; normalLight:n1|ps[1..31]                ; Stuck at GND due to stuck port data_in   ;
; userInput:player2|ps[2..31]             ; Stuck at GND due to stuck port data_in   ;
; userInput:player1|ps[2..31]             ; Stuck at GND due to stuck port data_in   ;
; hexdisplay:display|hexOut[3,4,6]        ; Merged with hexdisplay:display|hexOut[0] ;
; hexdisplay:display|hexOut[5]            ; Stuck at VCC due to stuck port data_in   ;
; Total Number of Removed Registers = 343 ;                                          ;
+-----------------------------------------+------------------------------------------+


+------------------------------------------------------+
; General Register Statistics                          ;
+----------------------------------------------+-------+
; Statistic                                    ; Value ;
+----------------------------------------------+-------+
; Total registers                              ; 18    ;
; Number of registers using Synchronous Clear  ; 4     ;
; Number of registers using Synchronous Load   ; 8     ;
; Number of registers using Asynchronous Clear ; 0     ;
; Number of registers using Asynchronous Load  ; 0     ;
; Number of registers using Clock Enable       ; 3     ;
; Number of registers using Preset             ; 0     ;
+----------------------------------------------+-------+


+-----------------------------------------------------------------------------------------------------------------------------------------------------+
; Multiplexer Restructuring Statistics (Restructuring Performed)                                                                                      ;
+--------------------+-----------+---------------+----------------------+------------------------+------------+---------------------------------------+
; Multiplexer Inputs ; Bus Width ; Baseline Area ; Area if Restructured ; Saving if Restructured ; Registered ; Example Multiplexer Output            ;
+--------------------+-----------+---------------+----------------------+------------------------+------------+---------------------------------------+
; 4:1                ; 4 bits    ; 8 LEs         ; 8 LEs                ; 0 LEs                  ; Yes        ; |DE1_SoC|hexdisplay:display|hexOut[0] ;
+--------------------+-----------+---------------+----------------------+------------------------+------------+---------------------------------------+


+--------------------------------------------+
; Port Connectivity Checks: "normalLight:n9" ;
+------+-------+----------+------------------+
; Port ; Type  ; Severity ; Details          ;
+------+-------+----------+------------------+
; NL   ; Input ; Info     ; Stuck at GND     ;
+------+-------+----------+------------------+


+--------------------------------------------+
; Port Connectivity Checks: "normalLight:n1" ;
+------+-------+----------+------------------+
; Port ; Type  ; Severity ; Details          ;
+------+-------+----------+------------------+
; NR   ; Input ; Info     ; Stuck at GND     ;
+------+-------+----------+------------------+


+-----------------------------------------------------+
; Post-Synthesis Netlist Statistics for Top Partition ;
+-----------------------+-----------------------------+
; Type                  ; Count                       ;
+-----------------------+-----------------------------+
; arriav_ff             ; 18                          ;
;     ENA               ; 3                           ;
;     SCLR              ; 4                           ;
;     SLD               ; 8                           ;
;     plain             ; 3                           ;
; arriav_lcell_comb     ; 34                          ;
;     normal            ; 34                          ;
;         0 data inputs ; 2                           ;
;         1 data inputs ; 9                           ;
;         2 data inputs ; 6                           ;
;         3 data inputs ; 4                           ;
;         4 data inputs ; 1                           ;
;         5 data inputs ; 9                           ;
;         6 data inputs ; 3                           ;
; boundary_port         ; 33                          ;
;                       ;                             ;
; Max LUT depth         ; 2.00                        ;
; Average LUT depth     ; 1.27                        ;
+-----------------------+-----------------------------+


+-------------------------------+
; Elapsed Time Per Partition    ;
+----------------+--------------+
; Partition Name ; Elapsed Time ;
+----------------+--------------+
; Top            ; 00:00:00     ;
+----------------+--------------+


+-------------------------------+
; Analysis & Synthesis Messages ;
+-------------------------------+
Info: *******************************************************************
Info: Running Quartus Prime Analysis & Synthesis
    Info: Version 17.0.0 Build 595 04/25/2017 SJ Lite Edition
    Info: Processing started: Thu Feb 16 15:28:48 2023
Info: Command: quartus_map --read_settings_files=on --write_settings_files=off DE1_SoC -c DE1_SoC
Info (20030): Parallel compilation is enabled and will use 4 of the 4 processors detected
Info (12021): Found 2 design units, including 2 entities, in source file mux2_1.sv
    Info (12023): Found entity 1: mux2_1 File: C:/Users/shiyuc9/Desktop/lab5/mux2_1.sv Line: 1
    Info (12023): Found entity 2: mux2_1_testbench File: C:/Users/shiyuc9/Desktop/lab5/mux2_1.sv Line: 6
Info (12021): Found 2 design units, including 2 entities, in source file mux4_1.sv
    Info (12023): Found entity 1: mux4_1 File: C:/Users/shiyuc9/Desktop/lab5/mux4_1.sv Line: 1
    Info (12023): Found entity 2: mux4_1_testbench File: C:/Users/shiyuc9/Desktop/lab5/mux4_1.sv Line: 9
Info (12021): Found 2 design units, including 2 entities, in source file de1_soc.sv
    Info (12023): Found entity 1: DE1_SoC File: C:/Users/shiyuc9/Desktop/lab5/DE1_SoC.sv Line: 1
    Info (12023): Found entity 2: DE1_SoC_testbench File: C:/Users/shiyuc9/Desktop/lab5/DE1_SoC.sv Line: 139
Info (12021): Found 2 design units, including 2 entities, in source file simple.sv
    Info (12023): Found entity 1: simple File: C:/Users/shiyuc9/Desktop/lab5/simple.sv Line: 1
    Info (12023): Found entity 2: simple_testbench File: C:/Users/shiyuc9/Desktop/lab5/simple.sv Line: 30
Info (12021): Found 1 design units, including 1 entities, in source file clock_divider.sv
    Info (12023): Found entity 1: clock_divider File: C:/Users/shiyuc9/Desktop/lab5/clock_divider.sv Line: 2
Info (12021): Found 2 design units, including 2 entities, in source file wind.sv
    Info (12023): Found entity 1: wind File: C:/Users/shiyuc9/Desktop/lab5/wind.sv Line: 1
    Info (12023): Found entity 2: wind_testbench File: C:/Users/shiyuc9/Desktop/lab5/wind.sv Line: 55
Info (12021): Found 5 design units, including 5 entities, in source file tug_of_war.sv
    Info (12023): Found entity 1: centerLight File: C:/Users/shiyuc9/Desktop/lab5/tug_of_war.sv Line: 1
    Info (12023): Found entity 2: normalLight File: C:/Users/shiyuc9/Desktop/lab5/tug_of_war.sv Line: 41
    Info (12023): Found entity 3: userInput File: C:/Users/shiyuc9/Desktop/lab5/tug_of_war.sv Line: 125
    Info (12023): Found entity 4: hexdisplay File: C:/Users/shiyuc9/Desktop/lab5/tug_of_war.sv Line: 165
    Info (12023): Found entity 5: checkWin File: C:/Users/shiyuc9/Desktop/lab5/tug_of_war.sv Line: 195
Info (12127): Elaborating entity "DE1_SoC" for the top level hierarchy
Info (12128): Elaborating entity "userInput" for hierarchy "userInput:player1" File: C:/Users/shiyuc9/Desktop/lab5/DE1_SoC.sv Line: 18
Info (12128): Elaborating entity "normalLight" for hierarchy "normalLight:n1" File: C:/Users/shiyuc9/Desktop/lab5/DE1_SoC.sv Line: 21
Info (12128): Elaborating entity "centerLight" for hierarchy "centerLight:n5" File: C:/Users/shiyuc9/Desktop/lab5/DE1_SoC.sv Line: 26
Info (12128): Elaborating entity "checkWin" for hierarchy "checkWin:winnerIs" File: C:/Users/shiyuc9/Desktop/lab5/DE1_SoC.sv Line: 33
Info (12128): Elaborating entity "hexdisplay" for hierarchy "hexdisplay:display" File: C:/Users/shiyuc9/Desktop/lab5/DE1_SoC.sv Line: 35
Info (286030): Timing-Driven Synthesis is running
Info (144001): Generated suppressed messages file C:/Users/shiyuc9/Desktop/lab5/output_files/DE1_SoC.map.smsg
Info (16010): Generating hard_block partition "hard_block:auto_generated_inst"
    Info (16011): Adding 0 node(s), including 0 DDIO, 0 PLL, 0 transceiver and 0 LCELL
Info (21057): Implemented 57 device resources after synthesis - the final resource count might be different
    Info (21058): Implemented 16 input pins
    Info (21059): Implemented 17 output pins
    Info (21061): Implemented 24 logic cells
Info: Quartus Prime Analysis & Synthesis was successful. 0 errors, 0 warnings
    Info: Peak virtual memory: 4826 megabytes
    Info: Processing ended: Thu Feb 16 15:29:01 2023
    Info: Elapsed time: 00:00:13
    Info: Total CPU time (on all processors): 00:00:28


+------------------------------------------+
; Analysis & Synthesis Suppressed Messages ;
+------------------------------------------+
The suppressed messages can be found in C:/Users/shiyuc9/Desktop/lab5/output_files/DE1_SoC.map.smsg.


